2023/05/21 01:53:59 convert.go:72: {
 "time": "2023-05-21T01:53:59.5500354+09:00",
 "btc_jpy": 1797,
 "xem_jpy": 372,
 "ada_jpy": 371,
 "total_jpy": 2540
}
2023/05/21 01:53:59 convert.go:72: {
 "time": "2023-05-21T01:53:59.6142005+09:00",
 "btc_jpy": 1797,
 "xem_jpy": 372,
 "ada_jpy": 371,
 "total_jpy": 2540
}
2023/05/21 01:53:59 data.go:62: Error parsing time: parsing time "" as "2006-01-02T15:04:05Z07:00": cannot parse "" as "2006"
2023/05/21 01:54:09 convert.go:72: {
 "time": "2023-05-21T01:54:09.3629941+09:00",
 "btc_jpy": 1797,
 "xem_jpy": 372,
 "ada_jpy": 371,
 "total_jpy": 2540
}
2023/05/21 01:54:09 convert.go:72: {
 "time": "2023-05-21T01:54:09.4039052+09:00",
 "btc_jpy": 1797,
 "xem_jpy": 372,
 "ada_jpy": 371,
 "total_jpy": 2540
}
2023/05/21 01:57:31 convert.go:72: {
 "time": "2023-05-21T01:57:31.1854494+09:00",
 "btc_jpy": 1798,
 "xem_jpy": 372,
 "ada_jpy": 371,
 "total_jpy": 2541
}
2023/05/21 01:57:31 convert.go:72: {
 "time": "2023-05-21T01:57:31.2595035+09:00",
 "btc_jpy": 1798,
 "xem_jpy": 372,
 "ada_jpy": 371,
 "total_jpy": 2541
}
2023/05/21 01:57:39 convert.go:72: {
 "time": "2023-05-21T01:57:39.3874266+09:00",
 "btc_jpy": 1797,
 "xem_jpy": 372,
 "ada_jpy": 371,
 "total_jpy": 2540
}
2023/05/21 01:57:39 convert.go:72: {
 "time": "2023-05-21T01:57:39.4040466+09:00",
 "btc_jpy": 1797,
 "xem_jpy": 372,
 "ada_jpy": 371,
 "total_jpy": 2540
}
2023/05/21 01:57:49 convert.go:72: {
 "time": "2023-05-21T01:57:49.3865636+09:00",
 "btc_jpy": 1797,
 "xem_jpy": 372,
 "ada_jpy": 371,
 "total_jpy": 2540
}
2023/05/21 01:57:49 convert.go:72: {
 "time": "2023-05-21T01:57:49.4066391+09:00",
 "btc_jpy": 1797,
 "xem_jpy": 372,
 "ada_jpy": 371,
 "total_jpy": 2540
}
2023/05/21 01:57:59 convert.go:72: {
 "time": "2023-05-21T01:57:59.3857219+09:00",
 "btc_jpy": 1797,
 "xem_jpy": 372,
 "ada_jpy": 371,
 "total_jpy": 2540
}
2023/05/21 01:57:59 convert.go:72: {
 "time": "2023-05-21T01:57:59.4035278+09:00",
 "btc_jpy": 1797,
 "xem_jpy": 372,
 "ada_jpy": 371,
 "total_jpy": 2540
}
2023/05/21 01:58:09 convert.go:72: {
 "time": "2023-05-21T01:58:09.3902332+09:00",
 "btc_jpy": 1797,
 "xem_jpy": 372,
 "ada_jpy": 371,
 "total_jpy": 2540
}
2023/05/21 01:58:09 convert.go:72: {
 "time": "2023-05-21T01:58:09.4091273+09:00",
 "btc_jpy": 1797,
 "xem_jpy": 372,
 "ada_jpy": 371,
 "total_jpy": 2540
}
2023/05/21 01:58:19 convert.go:72: {
 "time": "2023-05-21T01:58:19.3795445+09:00",
 "btc_jpy": 1797,
 "xem_jpy": 372,
 "ada_jpy": 371,
 "total_jpy": 2540
}
2023/05/21 01:58:19 convert.go:72: {
 "time": "2023-05-21T01:58:19.3994575+09:00",
 "btc_jpy": 1797,
 "xem_jpy": 372,
 "ada_jpy": 371,
 "total_jpy": 2540
}
2023/05/21 01:58:29 convert.go:72: {
 "time": "2023-05-21T01:58:29.9365007+09:00",
 "btc_jpy": 1797,
 "xem_jpy": 372,
 "ada_jpy": 371,
 "total_jpy": 2540
}
2023/05/21 01:58:29 convert.go:72: {
 "time": "2023-05-21T01:58:29.9711576+09:00",
 "btc_jpy": 1797,
 "xem_jpy": 372,
 "ada_jpy": 371,
 "total_jpy": 2540
}
2023/05/21 01:58:39 convert.go:72: {
 "time": "2023-05-21T01:58:39.9132944+09:00",
 "btc_jpy": 1797,
 "xem_jpy": 372,
 "ada_jpy": 371,
 "total_jpy": 2540
}
2023/05/21 01:58:39 convert.go:72: {
 "time": "2023-05-21T01:58:39.9300333+09:00",
 "btc_jpy": 1797,
 "xem_jpy": 372,
 "ada_jpy": 371,
 "total_jpy": 2540
}
2023/05/21 01:58:49 convert.go:72: {
 "time": "2023-05-21T01:58:49.9179812+09:00",
 "btc_jpy": 1797,
 "xem_jpy": 372,
 "ada_jpy": 371,
 "total_jpy": 2540
}
2023/05/21 01:58:49 convert.go:72: {
 "time": "2023-05-21T01:58:49.9405526+09:00",
 "btc_jpy": 1797,
 "xem_jpy": 372,
 "ada_jpy": 371,
 "total_jpy": 2540
}
2023/05/21 01:58:59 convert.go:72: {
 "time": "2023-05-21T01:58:59.9058264+09:00",
 "btc_jpy": 1797,
 "xem_jpy": 372,
 "ada_jpy": 371,
 "total_jpy": 2540
}
2023/05/21 01:58:59 convert.go:72: {
 "time": "2023-05-21T01:58:59.9275229+09:00",
 "btc_jpy": 1797,
 "xem_jpy": 372,
 "ada_jpy": 371,
 "total_jpy": 2540
}
2023/05/21 01:59:09 convert.go:72: {
 "time": "2023-05-21T01:59:09.9287585+09:00",
 "btc_jpy": 1797,
 "xem_jpy": 372,
 "ada_jpy": 371,
 "total_jpy": 2540
}
2023/05/21 01:59:09 convert.go:72: {
 "time": "2023-05-21T01:59:09.9637645+09:00",
 "btc_jpy": 1797,
 "xem_jpy": 372,
 "ada_jpy": 371,
 "total_jpy": 2540
}
2023/05/21 01:59:19 convert.go:72: {
 "time": "2023-05-21T01:59:19.9074997+09:00",
 "btc_jpy": 1797,
 "xem_jpy": 372,
 "ada_jpy": 371,
 "total_jpy": 2540
}
2023/05/21 01:59:19 convert.go:72: {
 "time": "2023-05-21T01:59:19.9263607+09:00",
 "btc_jpy": 1797,
 "xem_jpy": 372,
 "ada_jpy": 371,
 "total_jpy": 2540
}
2023/05/21 02:00:04 convert.go:72: {
 "time": "2023-05-21T02:00:04.918673+09:00",
 "btc_jpy": 1797,
 "xem_jpy": 372,
 "ada_jpy": 371,
 "total_jpy": 2540
}
2023/05/21 02:00:04 convert.go:72: {
 "time": "2023-05-21T02:00:04.9398293+09:00",
 "btc_jpy": 1797,
 "xem_jpy": 372,
 "ada_jpy": 371,
 "total_jpy": 2540
}
2023/05/21 04:04:10 convert.go:72: {
 "time": "2023-05-21T04:04:10.5349564+09:00",
 "btc_jpy": 1802,
 "xem_jpy": 373,
 "ada_jpy": 371,
 "total_jpy": 2546
}
2023/05/21 04:04:10 convert.go:72: {
 "time": "2023-05-21T04:04:10.6206512+09:00",
 "btc_jpy": 1802,
 "xem_jpy": 373,
 "ada_jpy": 371,
 "total_jpy": 2546
}
2023/05/21 04:04:20 convert.go:72: {
 "time": "2023-05-21T04:04:20.1688012+09:00",
 "btc_jpy": 1803,
 "xem_jpy": 373,
 "ada_jpy": 371,
 "total_jpy": 2547
}
2023/05/21 04:04:20 convert.go:72: {
 "time": "2023-05-21T04:04:20.1855787+09:00",
 "btc_jpy": 1803,
 "xem_jpy": 373,
 "ada_jpy": 371,
 "total_jpy": 2547
}
2023/05/21 04:04:20 data.go:62: Error getting last data: sql: database is closed
2023/05/21 04:04:30 convert.go:72: {
 "time": "2023-05-21T04:04:30.2022869+09:00",
 "btc_jpy": 1802,
 "xem_jpy": 373,
 "ada_jpy": 371,
 "total_jpy": 2546
}
2023/05/21 04:04:30 convert.go:72: {
 "time": "2023-05-21T04:04:30.2218923+09:00",
 "btc_jpy": 1802,
 "xem_jpy": 373,
 "ada_jpy": 371,
 "total_jpy": 2546
}
2023/05/21 04:04:30 data.go:62: Error getting last data: sql: database is closed
2023/05/21 04:04:40 convert.go:72: {
 "time": "2023-05-21T04:04:40.2007994+09:00",
 "btc_jpy": 1801,
 "xem_jpy": 373,
 "ada_jpy": 371,
 "total_jpy": 2545
}
2023/05/21 04:04:40 convert.go:72: {
 "time": "2023-05-21T04:04:40.2199378+09:00",
 "btc_jpy": 1801,
 "xem_jpy": 373,
 "ada_jpy": 371,
 "total_jpy": 2545
}
2023/05/21 04:04:40 data.go:62: Error getting last data: sql: database is closed
2023/05/21 04:08:02 convert.go:72: {
 "time": "2023-05-21T04:08:02.7243421+09:00",
 "btc_jpy": 1802,
 "xem_jpy": 372,
 "ada_jpy": 371,
 "total_jpy": 2545
}
2023/05/21 04:08:02 convert.go:72: {
 "time": "2023-05-21T04:08:02.8003993+09:00",
 "btc_jpy": 1802,
 "xem_jpy": 372,
 "ada_jpy": 371,
 "total_jpy": 2545
}
2023/05/21 04:08:10 convert.go:72: {
 "time": "2023-05-21T04:08:10.1849779+09:00",
 "btc_jpy": 1802,
 "xem_jpy": 372,
 "ada_jpy": 371,
 "total_jpy": 2545
}
2023/05/21 04:08:10 convert.go:72: {
 "time": "2023-05-21T04:08:10.203129+09:00",
 "btc_jpy": 1802,
 "xem_jpy": 372,
 "ada_jpy": 371,
 "total_jpy": 2545
}
2023/05/21 04:08:20 convert.go:72: {
 "time": "2023-05-21T04:08:20.1777158+09:00",
 "btc_jpy": 1803,
 "xem_jpy": 372,
 "ada_jpy": 371,
 "total_jpy": 2546
}
2023/05/21 04:08:20 convert.go:72: {
 "time": "2023-05-21T04:08:20.1964941+09:00",
 "btc_jpy": 1803,
 "xem_jpy": 372,
 "ada_jpy": 371,
 "total_jpy": 2546
}
2023/05/21 04:08:30 convert.go:72: {
 "time": "2023-05-21T04:08:30.1953182+09:00",
 "btc_jpy": 1804,
 "xem_jpy": 372,
 "ada_jpy": 371,
 "total_jpy": 2547
}
2023/05/21 04:08:30 convert.go:72: {
 "time": "2023-05-21T04:08:30.2141468+09:00",
 "btc_jpy": 1804,
 "xem_jpy": 372,
 "ada_jpy": 371,
 "total_jpy": 2547
}
2023/05/21 16:33:00 convert.go:72: {
 "time": "2023-05-21T16:33:00.7194641+09:00",
 "btc_jpy": 1806,
 "xem_jpy": 374,
 "ada_jpy": 372,
 "total_jpy": 2552
}
2023/05/21 16:33:00 convert.go:72: {
 "time": "2023-05-21T16:33:00.8123118+09:00",
 "btc_jpy": 1806,
 "xem_jpy": 374,
 "ada_jpy": 372,
 "total_jpy": 2552
}
2023/05/21 16:33:10 convert.go:72: {
 "time": "2023-05-21T16:33:10.5328875+09:00",
 "btc_jpy": 1806,
 "xem_jpy": 374,
 "ada_jpy": 372,
 "total_jpy": 2552
}
2023/05/21 16:33:10 convert.go:72: {
 "time": "2023-05-21T16:33:10.5668973+09:00",
 "btc_jpy": 1806,
 "xem_jpy": 374,
 "ada_jpy": 372,
 "total_jpy": 2552
}
2023/05/21 16:33:21 convert.go:72: {
 "time": "2023-05-21T16:33:21.3808961+09:00",
 "btc_jpy": 1806,
 "xem_jpy": 374,
 "ada_jpy": 372,
 "total_jpy": 2552
}
2023/05/21 16:33:21 convert.go:72: {
 "time": "2023-05-21T16:33:21.4041203+09:00",
 "btc_jpy": 1806,
 "xem_jpy": 374,
 "ada_jpy": 372,
 "total_jpy": 2552
}
2023/05/21 16:33:31 convert.go:72: {
 "time": "2023-05-21T16:33:31.3848909+09:00",
 "btc_jpy": 1806,
 "xem_jpy": 374,
 "ada_jpy": 372,
 "total_jpy": 2552
}
2023/05/21 16:33:31 convert.go:72: {
 "time": "2023-05-21T16:33:31.4020869+09:00",
 "btc_jpy": 1806,
 "xem_jpy": 374,
 "ada_jpy": 372,
 "total_jpy": 2552
}
2023/05/21 16:33:41 convert.go:72: {
 "time": "2023-05-21T16:33:41.2179827+09:00",
 "btc_jpy": 1806,
 "xem_jpy": 375,
 "ada_jpy": 372,
 "total_jpy": 2553
}
2023/05/21 16:33:41 convert.go:72: {
 "time": "2023-05-21T16:33:41.2359762+09:00",
 "btc_jpy": 1806,
 "xem_jpy": 375,
 "ada_jpy": 372,
 "total_jpy": 2553
}
2023/05/21 16:33:51 convert.go:72: {
 "time": "2023-05-21T16:33:51.896799+09:00",
 "btc_jpy": 1807,
 "xem_jpy": 375,
 "ada_jpy": 372,
 "total_jpy": 2554
}
2023/05/21 16:33:51 convert.go:72: {
 "time": "2023-05-21T16:33:51.9156727+09:00",
 "btc_jpy": 1807,
 "xem_jpy": 375,
 "ada_jpy": 372,
 "total_jpy": 2554
}
2023/05/21 16:34:02 convert.go:72: {
 "time": "2023-05-21T16:34:02.0527934+09:00",
 "btc_jpy": 1806,
 "xem_jpy": 375,
 "ada_jpy": 372,
 "total_jpy": 2553
}
2023/05/21 16:34:02 convert.go:72: {
 "time": "2023-05-21T16:34:02.0714689+09:00",
 "btc_jpy": 1806,
 "xem_jpy": 375,
 "ada_jpy": 372,
 "total_jpy": 2553
}
2023/05/21 16:34:13 convert.go:72: {
 "time": "2023-05-21T16:34:13.1414145+09:00",
 "btc_jpy": 1806,
 "xem_jpy": 375,
 "ada_jpy": 372,
 "total_jpy": 2553
}
2023/05/21 16:34:13 convert.go:72: {
 "time": "2023-05-21T16:34:13.1580471+09:00",
 "btc_jpy": 1806,
 "xem_jpy": 375,
 "ada_jpy": 372,
 "total_jpy": 2553
}
2023/05/21 16:35:02 convert.go:72: {
 "time": "2023-05-21T16:35:02.2285438+09:00",
 "btc_jpy": 1807,
 "xem_jpy": 375,
 "ada_jpy": 372,
 "total_jpy": 2554
}
2023/05/21 16:35:02 convert.go:72: {
 "time": "2023-05-21T16:35:02.2462647+09:00",
 "btc_jpy": 1807,
 "xem_jpy": 375,
 "ada_jpy": 372,
 "total_jpy": 2554
}
2023/05/21 16:36:02 convert.go:72: {
 "time": "2023-05-21T16:36:02.2214282+09:00",
 "btc_jpy": 1807,
 "xem_jpy": 375,
 "ada_jpy": 372,
 "total_jpy": 2554
}
2023/05/21 16:36:02 convert.go:72: {
 "time": "2023-05-21T16:36:02.2530561+09:00",
 "btc_jpy": 1807,
 "xem_jpy": 375,
 "ada_jpy": 372,
 "total_jpy": 2554
}
2023/05/21 16:37:02 convert.go:72: {
 "time": "2023-05-21T16:37:02.1918654+09:00",
 "btc_jpy": 1808,
 "xem_jpy": 375,
 "ada_jpy": 372,
 "total_jpy": 2555
}
2023/05/21 16:37:02 convert.go:72: {
 "time": "2023-05-21T16:37:02.2400524+09:00",
 "btc_jpy": 1808,
 "xem_jpy": 375,
 "ada_jpy": 372,
 "total_jpy": 2555
}
2023/05/21 16:38:02 convert.go:72: {
 "time": "2023-05-21T16:38:02.1896209+09:00",
 "btc_jpy": 1808,
 "xem_jpy": 375,
 "ada_jpy": 372,
 "total_jpy": 2555
}
2023/05/21 16:38:02 convert.go:72: {
 "time": "2023-05-21T16:38:02.217435+09:00",
 "btc_jpy": 1808,
 "xem_jpy": 375,
 "ada_jpy": 372,
 "total_jpy": 2555
}
2023/05/21 16:39:02 convert.go:72: {
 "time": "2023-05-21T16:39:02.2085822+09:00",
 "btc_jpy": 1808,
 "xem_jpy": 375,
 "ada_jpy": 372,
 "total_jpy": 2555
}
2023/05/21 16:39:02 convert.go:72: {
 "time": "2023-05-21T16:39:02.2293341+09:00",
 "btc_jpy": 1808,
 "xem_jpy": 375,
 "ada_jpy": 372,
 "total_jpy": 2555
}
2023/05/21 16:40:02 convert.go:72: {
 "time": "2023-05-21T16:40:02.3129359+09:00",
 "btc_jpy": 1808,
 "xem_jpy": 375,
 "ada_jpy": 372,
 "total_jpy": 2555
}
2023/05/21 16:40:02 convert.go:72: {
 "time": "2023-05-21T16:40:02.3313243+09:00",
 "btc_jpy": 1808,
 "xem_jpy": 375,
 "ada_jpy": 372,
 "total_jpy": 2555
}
2023/05/21 16:41:02 convert.go:72: {
 "time": "2023-05-21T16:41:02.2209483+09:00",
 "btc_jpy": 1808,
 "xem_jpy": 374,
 "ada_jpy": 372,
 "total_jpy": 2554
}
2023/05/21 16:41:02 convert.go:72: {
 "time": "2023-05-21T16:41:02.2386511+09:00",
 "btc_jpy": 1808,
 "xem_jpy": 374,
 "ada_jpy": 372,
 "total_jpy": 2554
}
2023/05/21 17:01:02 convert.go:72: {
 "time": "2023-05-21T17:01:02.3880991+09:00",
 "btc_jpy": 1806,
 "xem_jpy": 374,
 "ada_jpy": 372,
 "total_jpy": 2552
}
2023/05/21 17:01:02 convert.go:72: {
 "time": "2023-05-21T17:01:02.4586557+09:00",
 "btc_jpy": 1806,
 "xem_jpy": 374,
 "ada_jpy": 372,
 "total_jpy": 2552
}
2023/05/21 17:01:10 convert.go:72: {
 "time": "2023-05-21T17:01:10.5348515+09:00",
 "btc_jpy": 1806,
 "xem_jpy": 374,
 "ada_jpy": 372,
 "total_jpy": 2552
}
2023/05/21 17:01:10 convert.go:72: {
 "time": "2023-05-21T17:01:10.5520608+09:00",
 "btc_jpy": 1806,
 "xem_jpy": 374,
 "ada_jpy": 372,
 "total_jpy": 2552
}
2023/05/21 17:01:20 convert.go:72: {
 "time": "2023-05-21T17:01:20.5309805+09:00",
 "btc_jpy": 1806,
 "xem_jpy": 374,
 "ada_jpy": 372,
 "total_jpy": 2552
}
2023/05/21 17:01:20 convert.go:72: {
 "time": "2023-05-21T17:01:20.5514752+09:00",
 "btc_jpy": 1806,
 "xem_jpy": 374,
 "ada_jpy": 372,
 "total_jpy": 2552
}
2023/05/21 17:01:30 convert.go:72: {
 "time": "2023-05-21T17:01:30.5336825+09:00",
 "btc_jpy": 1806,
 "xem_jpy": 374,
 "ada_jpy": 372,
 "total_jpy": 2552
}
2023/05/21 17:01:30 convert.go:72: {
 "time": "2023-05-21T17:01:30.55166+09:00",
 "btc_jpy": 1806,
 "xem_jpy": 374,
 "ada_jpy": 372,
 "total_jpy": 2552
}
2023/05/21 17:01:40 convert.go:72: {
 "time": "2023-05-21T17:01:40.5393636+09:00",
 "btc_jpy": 1806,
 "xem_jpy": 374,
 "ada_jpy": 372,
 "total_jpy": 2552
}
2023/05/21 17:01:40 convert.go:72: {
 "time": "2023-05-21T17:01:40.5608533+09:00",
 "btc_jpy": 1806,
 "xem_jpy": 374,
 "ada_jpy": 372,
 "total_jpy": 2552
}
2023/05/21 17:01:50 convert.go:72: {
 "time": "2023-05-21T17:01:50.5338806+09:00",
 "btc_jpy": 1806,
 "xem_jpy": 374,
 "ada_jpy": 371,
 "total_jpy": 2551
}
2023/05/21 17:01:50 convert.go:72: {
 "time": "2023-05-21T17:01:50.5572235+09:00",
 "btc_jpy": 1806,
 "xem_jpy": 374,
 "ada_jpy": 371,
 "total_jpy": 2551
}
2023/05/21 17:02:00 convert.go:72: {
 "time": "2023-05-21T17:02:00.5421143+09:00",
 "btc_jpy": 1806,
 "xem_jpy": 374,
 "ada_jpy": 371,
 "total_jpy": 2551
}
2023/05/21 17:02:00 convert.go:72: {
 "time": "2023-05-21T17:02:00.5580602+09:00",
 "btc_jpy": 1806,
 "xem_jpy": 374,
 "ada_jpy": 371,
 "total_jpy": 2551
}
2023/05/21 17:16:44 convert.go:73: {
 "time": "2023-05-21T17:16:44.6151965+09:00",
 "btc_jpy": 1807,
 "xem_jpy": 374,
 "ada_jpy": 371,
 "total_jpy": 2552
}
2023/05/21 17:16:44 convert.go:73: {
 "time": "2023-05-21T17:16:44.6878736+09:00",
 "btc_jpy": 1807,
 "xem_jpy": 374,
 "ada_jpy": 371,
 "total_jpy": 2552
}
2023/05/21 17:16:50 convert.go:73: {
 "time": "2023-05-21T17:16:50.5361309+09:00",
 "btc_jpy": 1807,
 "xem_jpy": 374,
 "ada_jpy": 371,
 "total_jpy": 2552
}
2023/05/21 17:16:50 convert.go:73: {
 "time": "2023-05-21T17:16:50.5540851+09:00",
 "btc_jpy": 1807,
 "xem_jpy": 374,
 "ada_jpy": 371,
 "total_jpy": 2552
}
2023/05/21 17:17:00 convert.go:73: {
 "time": "2023-05-21T17:17:00.550955+09:00",
 "btc_jpy": 1807,
 "xem_jpy": 374,
 "ada_jpy": 371,
 "total_jpy": 2552
}
2023/05/21 17:17:00 convert.go:73: {
 "time": "2023-05-21T17:17:00.5740448+09:00",
 "btc_jpy": 1807,
 "xem_jpy": 374,
 "ada_jpy": 371,
 "total_jpy": 2552
}
2023/05/21 17:17:11 convert.go:73: {
 "time": "2023-05-21T17:17:11.2054504+09:00",
 "btc_jpy": 1807,
 "xem_jpy": 374,
 "ada_jpy": 371,
 "total_jpy": 2552
}
2023/05/21 17:17:11 convert.go:73: {
 "time": "2023-05-21T17:17:11.2376141+09:00",
 "btc_jpy": 1807,
 "xem_jpy": 374,
 "ada_jpy": 371,
 "total_jpy": 2552
}
2023/05/21 17:17:21 convert.go:73: {
 "time": "2023-05-21T17:17:21.2043179+09:00",
 "btc_jpy": 1807,
 "xem_jpy": 374,
 "ada_jpy": 371,
 "total_jpy": 2552
}
2023/05/21 17:17:21 convert.go:73: {
 "time": "2023-05-21T17:17:21.2296935+09:00",
 "btc_jpy": 1807,
 "xem_jpy": 374,
 "ada_jpy": 371,
 "total_jpy": 2552
}
2023/05/21 17:17:31 convert.go:73: {
 "time": "2023-05-21T17:17:31.2135994+09:00",
 "btc_jpy": 1807,
 "xem_jpy": 374,
 "ada_jpy": 372,
 "total_jpy": 2553
}
2023/05/21 17:17:31 convert.go:73: {
 "time": "2023-05-21T17:17:31.2397084+09:00",
 "btc_jpy": 1807,
 "xem_jpy": 374,
 "ada_jpy": 372,
 "total_jpy": 2553
}
2023/05/21 17:17:41 convert.go:73: {
 "time": "2023-05-21T17:17:41.2226282+09:00",
 "btc_jpy": 1807,
 "xem_jpy": 374,
 "ada_jpy": 371,
 "total_jpy": 2552
}
2023/05/21 17:17:41 convert.go:73: {
 "time": "2023-05-21T17:17:41.2434514+09:00",
 "btc_jpy": 1807,
 "xem_jpy": 374,
 "ada_jpy": 371,
 "total_jpy": 2552
}
2023/05/21 17:17:51 convert.go:73: {
 "time": "2023-05-21T17:17:51.1986313+09:00",
 "btc_jpy": 1807,
 "xem_jpy": 374,
 "ada_jpy": 371,
 "total_jpy": 2552
}
2023/05/21 17:17:51 convert.go:73: {
 "time": "2023-05-21T17:17:51.2294791+09:00",
 "btc_jpy": 1807,
 "xem_jpy": 374,
 "ada_jpy": 371,
 "total_jpy": 2552
}
2023/05/21 17:18:01 convert.go:73: {
 "time": "2023-05-21T17:18:01.1945953+09:00",
 "btc_jpy": 1807,
 "xem_jpy": 374,
 "ada_jpy": 371,
 "total_jpy": 2552
}
2023/05/21 17:18:01 convert.go:73: {
 "time": "2023-05-21T17:18:01.2145582+09:00",
 "btc_jpy": 1807,
 "xem_jpy": 374,
 "ada_jpy": 371,
 "total_jpy": 2552
}
2023/05/21 17:19:02 convert.go:73: {
 "time": "2023-05-21T17:19:02.2252938+09:00",
 "btc_jpy": 1807,
 "xem_jpy": 374,
 "ada_jpy": 372,
 "total_jpy": 2553
}
2023/05/21 17:19:02 convert.go:73: {
 "time": "2023-05-21T17:19:02.2466941+09:00",
 "btc_jpy": 1807,
 "xem_jpy": 374,
 "ada_jpy": 372,
 "total_jpy": 2553
}
2023/05/21 17:20:02 convert.go:73: {
 "time": "2023-05-21T17:20:02.2241479+09:00",
 "btc_jpy": 1807,
 "xem_jpy": 374,
 "ada_jpy": 372,
 "total_jpy": 2553
}
2023/05/21 17:20:02 convert.go:73: {
 "time": "2023-05-21T17:20:02.2520751+09:00",
 "btc_jpy": 1807,
 "xem_jpy": 374,
 "ada_jpy": 372,
 "total_jpy": 2553
}
2023/05/21 17:21:02 convert.go:73: {
 "time": "2023-05-21T17:21:02.2361913+09:00",
 "btc_jpy": 1807,
 "xem_jpy": 374,
 "ada_jpy": 372,
 "total_jpy": 2553
}
2023/05/21 17:21:02 convert.go:73: {
 "time": "2023-05-21T17:21:02.2663753+09:00",
 "btc_jpy": 1807,
 "xem_jpy": 374,
 "ada_jpy": 372,
 "total_jpy": 2553
}
2023/05/21 17:22:02 convert.go:73: {
 "time": "2023-05-21T17:22:02.2204679+09:00",
 "btc_jpy": 1807,
 "xem_jpy": 374,
 "ada_jpy": 372,
 "total_jpy": 2553
}
2023/05/21 17:22:02 convert.go:73: {
 "time": "2023-05-21T17:22:02.2458747+09:00",
 "btc_jpy": 1807,
 "xem_jpy": 374,
 "ada_jpy": 372,
 "total_jpy": 2553
}
2023/05/21 17:23:02 convert.go:73: {
 "time": "2023-05-21T17:23:02.2127535+09:00",
 "btc_jpy": 1806,
 "xem_jpy": 374,
 "ada_jpy": 371,
 "total_jpy": 2551
}
2023/05/21 17:23:02 convert.go:73: {
 "time": "2023-05-21T17:23:02.2377373+09:00",
 "btc_jpy": 1806,
 "xem_jpy": 374,
 "ada_jpy": 371,
 "total_jpy": 2551
}
2023/05/21 17:24:02 convert.go:73: {
 "time": "2023-05-21T17:24:02.213899+09:00",
 "btc_jpy": 1806,
 "xem_jpy": 374,
 "ada_jpy": 371,
 "total_jpy": 2551
}
2023/05/21 17:24:02 convert.go:73: {
 "time": "2023-05-21T17:24:02.2408002+09:00",
 "btc_jpy": 1806,
 "xem_jpy": 374,
 "ada_jpy": 371,
 "total_jpy": 2551
}
2023/05/21 17:25:02 convert.go:73: {
 "time": "2023-05-21T17:25:02.219644+09:00",
 "btc_jpy": 1806,
 "xem_jpy": 374,
 "ada_jpy": 371,
 "total_jpy": 2551
}
2023/05/21 17:25:02 convert.go:73: {
 "time": "2023-05-21T17:25:02.2534743+09:00",
 "btc_jpy": 1806,
 "xem_jpy": 374,
 "ada_jpy": 371,
 "total_jpy": 2551
}
2023/05/21 17:26:02 convert.go:73: {
 "time": "2023-05-21T17:26:02.2096386+09:00",
 "btc_jpy": 1806,
 "xem_jpy": 374,
 "ada_jpy": 371,
 "total_jpy": 2551
}
2023/05/21 17:26:02 convert.go:73: {
 "time": "2023-05-21T17:26:02.2327597+09:00",
 "btc_jpy": 1806,
 "xem_jpy": 374,
 "ada_jpy": 371,
 "total_jpy": 2551
}
2023/05/21 17:27:02 convert.go:73: {
 "time": "2023-05-21T17:27:02.2128984+09:00",
 "btc_jpy": 1806,
 "xem_jpy": 374,
 "ada_jpy": 371,
 "total_jpy": 2551
}
2023/05/21 17:27:02 convert.go:73: {
 "time": "2023-05-21T17:27:02.2404929+09:00",
 "btc_jpy": 1806,
 "xem_jpy": 374,
 "ada_jpy": 371,
 "total_jpy": 2551
}
2023/05/21 18:27:51 convert.go:73: {
 "time": "2023-05-21T18:27:51.2392136+09:00",
 "btc_jpy": 1808,
 "xem_jpy": 375,
 "ada_jpy": 372,
 "total_jpy": 2555
}
2023/05/21 18:27:51 convert.go:73: {
 "time": "2023-05-21T18:27:51.2611988+09:00",
 "btc_jpy": 1808,
 "xem_jpy": 375,
 "ada_jpy": 372,
 "total_jpy": 2555
}
2023/05/21 18:28:02 convert.go:73: {
 "time": "2023-05-21T18:28:02.1879938+09:00",
 "btc_jpy": 1808,
 "xem_jpy": 375,
 "ada_jpy": 372,
 "total_jpy": 2555
}
2023/05/21 18:28:02 convert.go:73: {
 "time": "2023-05-21T18:28:02.4646342+09:00",
 "btc_jpy": 1808,
 "xem_jpy": 375,
 "ada_jpy": 372,
 "total_jpy": 2555
}
